[debug] [2024-08-17T12:42:14.386Z] ----------------------------------------------------------------------
[debug] [2024-08-17T12:42:14.402Z] Command:       C:\Program Files\nodejs\node.exe C:\Users\sugan\AppData\Roaming\npm\node_modules\firebase-tools\lib\bin\firebase.js init
[debug] [2024-08-17T12:42:14.403Z] CLI Version:   13.11.2
[debug] [2024-08-17T12:42:14.403Z] Platform:      win32
[debug] [2024-08-17T12:42:14.403Z] Node Version:  v20.11.1
[debug] [2024-08-17T12:42:14.404Z] Time:          Sat Aug 17 2024 18:12:14 GMT+0530 (India Standard Time)
[debug] [2024-08-17T12:42:14.404Z] ----------------------------------------------------------------------
[debug] 
[debug] [2024-08-17T12:42:14.410Z] >>> [apiv2][query] GET https://firebase-public.firebaseio.com/cli.json [none]
[debug] [2024-08-17T12:42:14.495Z] > command requires scopes: ["email","openid","https://www.googleapis.com/auth/cloudplatformprojects.readonly","https://www.googleapis.com/auth/firebase","https://www.googleapis.com/auth/cloud-platform"]
[debug] [2024-08-17T12:42:14.496Z] > authorizing via signed-in user (suganthivisnu666@gmail.com)
[info] 
     ######## #### ########  ######## ########     ###     ######  ########
     ##        ##  ##     ## ##       ##     ##  ##   ##  ##       ##
     ######    ##  ########  ######   ########  #########  ######  ######
     ##        ##  ##    ##  ##       ##     ## ##     ##       ## ##
     ##       #### ##     ## ######## ########  ##     ##  ######  ########

You're about to initialize a Firebase project in this directory:

  C:\Users\sugan\Downloads\FestavaLive-1.0.0\FestavaLive-1.0.0

[debug] [2024-08-17T12:42:15.099Z] <<< [apiv2][status] GET https://firebase-public.firebaseio.com/cli.json 200
[debug] [2024-08-17T12:42:15.100Z] <<< [apiv2][body] GET https://firebase-public.firebaseio.com/cli.json {"cloudBuildErrorAfter":1594252800000,"cloudBuildWarnAfter":1590019200000,"defaultNode10After":1594252800000,"minVersion":"3.0.5","node8DeploysDisabledAfter":1613390400000,"node8RuntimeDisabledAfter":1615809600000,"node8WarnAfter":1600128000000}
[info] 
=== Project Setup
[info] 
[info] First, let's associate this project directory with a Firebase project.
[info] You can create multiple project aliases by running firebase use --add, 
[info] but for now we'll just set up a default project.
[info] 
[info] i  If you want to create a project in a Google Cloud organization or folder, please use "firebase projects:create" instead, and return to this command when you've created the project. 
[debug] [2024-08-17T12:43:27.714Z] ----------------------------------------------------------------------
[debug] [2024-08-17T12:43:27.717Z] Command:       C:\Program Files\nodejs\node.exe C:\Users\sugan\AppData\Roaming\npm\node_modules\firebase-tools\lib\bin\firebase.js init
[debug] [2024-08-17T12:43:27.717Z] CLI Version:   13.11.2
[debug] [2024-08-17T12:43:27.718Z] Platform:      win32
[debug] [2024-08-17T12:43:27.718Z] Node Version:  v20.11.1
[debug] [2024-08-17T12:43:27.718Z] Time:          Sat Aug 17 2024 18:13:27 GMT+0530 (India Standard Time)
[debug] [2024-08-17T12:43:27.718Z] ----------------------------------------------------------------------
[debug] 
[debug] [2024-08-17T12:43:27.727Z] > command requires scopes: ["email","openid","https://www.googleapis.com/auth/cloudplatformprojects.readonly","https://www.googleapis.com/auth/firebase","https://www.googleapis.com/auth/cloud-platform"]
[debug] [2024-08-17T12:43:27.728Z] > authorizing via signed-in user (suganthivisnu666@gmail.com)
[info] 
     ######## #### ########  ######## ########     ###     ######  ########
     ##        ##  ##     ## ##       ##     ##  ##   ##  ##       ##
     ######    ##  ########  ######   ########  #########  ######  ######
     ##        ##  ##    ##  ##       ##     ## ##     ##       ## ##
     ##       #### ##     ## ######## ########  ##     ##  ######  ########

You're about to initialize a Firebase project in this directory:

  C:\Users\sugan\Downloads\FestavaLive-1.0.0\FestavaLive-1.0.0

[info] 
=== Project Setup
[info] 
[info] First, let's associate this project directory with a Firebase project.
[info] You can create multiple project aliases by running firebase use --add, 
[info] but for now we'll just set up a default project.
[info] 
[debug] [2024-08-17T12:43:38.813Z] > refreshing access token with scopes: []
[debug] [2024-08-17T12:43:38.819Z] >>> [apiv2][query] POST https://www.googleapis.com/oauth2/v3/token [none]
[debug] [2024-08-17T12:43:38.820Z] >>> [apiv2][body] POST https://www.googleapis.com/oauth2/v3/token [omitted]
[debug] [2024-08-17T12:43:39.039Z] <<< [apiv2][status] POST https://www.googleapis.com/oauth2/v3/token 400
[debug] [2024-08-17T12:43:39.039Z] <<< [apiv2][body] POST https://www.googleapis.com/oauth2/v3/token [omitted]
[debug] [2024-08-17T12:43:39.041Z] >>> [apiv2][query] GET https://firebase.googleapis.com/v1beta1/projects pageSize=100
[debug] [2024-08-17T12:43:39.229Z] <<< [apiv2][status] GET https://firebase.googleapis.com/v1beta1/projects 401
[debug] [2024-08-17T12:43:39.229Z] <<< [apiv2][body] GET https://firebase.googleapis.com/v1beta1/projects [omitted]
[debug] [2024-08-17T12:43:39.230Z] HTTP Error: 401, Request had invalid authentication credentials. Expected OAuth 2 access token, login cookie or other valid authentication credential. See https://developers.google.com/identity/sign-in/web/devconsole-project.
[debug] [2024-08-17T12:43:39.366Z] FirebaseError: HTTP Error: 401, Request had invalid authentication credentials. Expected OAuth 2 access token, login cookie or other valid authentication credential. See https://developers.google.com/identity/sign-in/web/devconsole-project.
    at responseToError (C:\Users\sugan\AppData\Roaming\npm\node_modules\firebase-tools\lib\responseToError.js:49:12)
    at RetryOperation._fn (C:\Users\sugan\AppData\Roaming\npm\node_modules\firebase-tools\lib\apiv2.js:305:77)
    at process.processTicksAndRejections (node:internal/process/task_queues:95:5)
[error] 
[error] Error: Failed to list Firebase projects. See firebase-debug.log for more info.
